<?xml version="1.0" encoding="UTF-8"?>
<testng-results skipped="0" failed="0" ignored="0" total="1" passed="1">
  <reporter-output>
  </reporter-output>
  <suite name="Inetbankingv1" duration-ms="66076" started-at="2021-05-13T15:16:32 IST" finished-at="2021-05-13T15:17:38 IST">
    <groups>
    </groups>
    <test name="bankingApp test" duration-ms="66076" started-at="2021-05-13T15:16:32 IST" finished-at="2021-05-13T15:17:38 IST">
      <class name="com.inetBankingv1.testCases.Tc_AddCustomerTest_003">
        <test-method status="PASS" signature="setup(java.lang.String)[pri:0, instance:com.inetBankingv1.testCases.Tc_AddCustomerTest_003@3a883ce7]" name="setup" is-config="true" duration-ms="48154" started-at="2021-05-13T15:16:32 IST" finished-at="2021-05-13T15:17:20 IST">
          <params>
            <param index="0">
              <value>
                <![CDATA[Chrome]]>
              </value>
            </param>
          </params>
          <reporter-output>
          </reporter-output>
        </test-method> <!-- setup -->
        <test-method status="PASS" signature="addNewCustomer()[pri:0, instance:com.inetBankingv1.testCases.Tc_AddCustomerTest_003@3a883ce7]" name="addNewCustomer" duration-ms="17776" started-at="2021-05-13T15:17:20 IST" finished-at="2021-05-13T15:17:38 IST">
          <reporter-output>
          </reporter-output>
        </test-method> <!-- addNewCustomer -->
      </class> <!-- com.inetBankingv1.testCases.Tc_AddCustomerTest_003 -->
    </test> <!-- bankingApp test -->
  </suite> <!-- Inetbankingv1 -->
</testng-results>
