<?xml version="1.0" encoding="UTF-8"?>
<testng-results skipped="0" failed="0" ignored="0" total="1" passed="1">
  <reporter-output>
  </reporter-output>
  <suite name="Inetbankingv1" duration-ms="20839" started-at="2021-05-13T08:18:44Z" finished-at="2021-05-13T08:19:04Z">
    <groups>
    </groups>
    <test name="bankingApp test" duration-ms="20839" started-at="2021-05-13T08:18:44Z" finished-at="2021-05-13T08:19:04Z">
      <class name="com.inetBankingv1.testCases.Tc_AddCustomerTest_003">
        <test-method status="PASS" signature="setup(java.lang.String)[pri:0, instance:com.inetBankingv1.testCases.Tc_AddCustomerTest_003@fdefd3f]" name="setup" is-config="true" duration-ms="4415" started-at="2021-05-13T08:18:44Z" finished-at="2021-05-13T08:18:48Z">
          <params>
            <param index="0">
              <value>
                <![CDATA[Chrome]]>
              </value>
            </param>
          </params>
          <reporter-output>
          </reporter-output>
        </test-method> <!-- setup -->
        <test-method status="PASS" signature="addNewCustomer()[pri:0, instance:com.inetBankingv1.testCases.Tc_AddCustomerTest_003@fdefd3f]" name="addNewCustomer" duration-ms="16385" started-at="2021-05-13T08:18:48Z" finished-at="2021-05-13T08:19:04Z">
          <reporter-output>
          </reporter-output>
        </test-method> <!-- addNewCustomer -->
      </class> <!-- com.inetBankingv1.testCases.Tc_AddCustomerTest_003 -->
    </test> <!-- bankingApp test -->
  </suite> <!-- Inetbankingv1 -->
</testng-results>
